<?xml version="1.0" encoding="UTF-8"?>
<!-- Generated by org.testng.reporters.JUnitReportReporter -->
<testsuite hostname="AkikoHomeLT" name="org.akiko.presencelearning.assignment.plpatternlibpage.FirstNameSearchTest" tests="5" failures="0" timestamp="8 Dec 2016 21:45:43 GMT" time="1.486" errors="0">
  <testcase name="checkAllCategoryListed" time="0.279" classname="org.akiko.presencelearning.assignment.plpatternlibpage.FirstNameSearchTest"/>
  <testcase name="checkAllCategoryListed" time="0.288" classname="org.akiko.presencelearning.assignment.plpatternlibpage.FirstNameSearchTest"/>
  <testcase name="toggleFilterTest" time="0.467" classname="org.akiko.presencelearning.assignment.plpatternlibpage.FirstNameSearchTest"/>
  <testcase name="checkAllCategoryListed" time="0.243" classname="org.akiko.presencelearning.assignment.plpatternlibpage.FirstNameSearchTest"/>
  <testcase name="checkAllCategoryListed" time="0.209" classname="org.akiko.presencelearning.assignment.plpatternlibpage.FirstNameSearchTest"/>
</testsuite> <!-- org.akiko.presencelearning.assignment.plpatternlibpage.FirstNameSearchTest -->
